FreeClient/Seeapenny/proguard_logs/seeds.txt
com.seeapenny.client.AlarmManagerBroadcastReceiver
com.seeapenny.client.AlarmManagerBroadcastReceiver: AlarmManagerBroadcastReceiver()
com.seeapenny.client.GCMIntentService
com.seeapenny.client.GCMIntentService: GCMIntentService()
com.seeapenny.client.SeeapennyApp
com.seeapenny.client.SeeapennyApp: SeeapennyApp()
com.seeapenny.client.SynchAction: com.seeapenny.client.SynchAction[] values()
com.seeapenny.client.SynchAction: com.seeapenny.client.SynchAction valueOf(java.lang.String)
com.seeapenny.client.activity.AboutAppActivity
com.seeapenny.client.activity.AboutAppActivity: AboutAppActivity()
com.seeapenny.client.activity.EditGoodActivity
com.seeapenny.client.activity.EditGoodActivity: EditGoodActivity()
com.seeapenny.client.activity.GalleryCustom
com.seeapenny.client.activity.GalleryCustom: GalleryCustom(android.content.Context,android.util.AttributeSet)
com.seeapenny.client.activity.GoodActivity
com.seeapenny.client.activity.GoodActivity: GoodActivity()
com.seeapenny.client.activity.GuideActivity
com.seeapenny.client.activity.GuideActivity: GuideActivity()
com.seeapenny.client.activity.HistoryActivity
com.seeapenny.client.activity.HistoryActivity: HistoryActivity()
com.seeapenny.client.activity.LoginActivity
com.seeapenny.client.activity.LoginActivity: LoginActivity()
com.seeapenny.client.activity.Maintenance
com.seeapenny.client.activity.Maintenance: Maintenance()
com.seeapenny.client.activity.ProfileActivity
com.seeapenny.client.activity.ProfileActivity: ProfileActivity()
com.seeapenny.client.activity.SeeapennyActivity: SeeapennyActivity(boolean)
com.seeapenny.client.activity.SeeapennyActivity: SeeapennyActivity()
com.seeapenny.client.activity.SettingActivity
com.seeapenny.client.activity.SettingActivity: SettingActivity()
com.seeapenny.client.activity.ShareActivity
com.seeapenny.client.activity.ShareActivity: ShareActivity()
com.seeapenny.client.activity.ShopListActivity
com.seeapenny.client.activity.ShopListActivity: ShopListActivity()
com.seeapenny.client.activity.SplashActivity
com.seeapenny.client.activity.SplashActivity: SplashActivity()
com.seeapenny.client.activity.SupportActivity
com.seeapenny.client.activity.SupportActivity: SupportActivity()
com.seeapenny.client.server.BussinessError: com.seeapenny.client.server.BussinessError[] values()
com.seeapenny.client.server.BussinessError: com.seeapenny.client.server.BussinessError valueOf(java.lang.String)
com.seeapenny.client.server.State: com.seeapenny.client.server.State[] values()
com.seeapenny.client.server.State: com.seeapenny.client.server.State valueOf(java.lang.String)
com.seeapenny.client.server.SynchrAction: com.seeapenny.client.server.SynchrAction[] values()
com.seeapenny.client.server.SynchrAction: com.seeapenny.client.server.SynchrAction valueOf(java.lang.String)
com.seeapenny.client.service.AccessType: com.seeapenny.client.service.AccessType[] values()
com.seeapenny.client.service.AccessType: com.seeapenny.client.service.AccessType valueOf(java.lang.String)
com.seeapenny.client.sound.Sound: com.seeapenny.client.sound.Sound[] values()
com.seeapenny.client.sound.Sound: com.seeapenny.client.sound.Sound valueOf(java.lang.String)
com.seeapenny.client.util.Field: com.seeapenny.client.util.Field[] values()
com.seeapenny.client.util.Field: com.seeapenny.client.util.Field valueOf(java.lang.String)
com.seeapenny.client.util.FieldGood: com.seeapenny.client.util.FieldGood[] values()
com.seeapenny.client.util.FieldGood: com.seeapenny.client.util.FieldGood valueOf(java.lang.String)
com.seeapenny.client.widget.OutlineTextView
com.seeapenny.client.widget.OutlineTextView: OutlineTextView(android.content.Context)
com.seeapenny.client.widget.OutlineTextView: OutlineTextView(android.content.Context,android.util.AttributeSet)
com.seeapenny.client.widget.OutlineTextView: OutlineTextView(android.content.Context,android.util.AttributeSet,int)
...
com.actionbarsherlock.widget.SearchView$10
com.actionbarsherlock.widget.SearchView$10: com.actionbarsherlock.widget.SearchView this$0
com.actionbarsherlock.widget.SearchView$10: SearchView$10(com.actionbarsherlock.widget.SearchView)
com.actionbarsherlock.widget.SearchView$10: void onItemClick(android.widget.AdapterView,android.view.View,int,long)
com.actionbarsherlock.widget.SearchView$11
com.actionbarsherlock.widget.SearchView$11: com.actionbarsherlock.widget.SearchView this$0
com.actionbarsherlock.widget.SearchView$11: SearchView$11(com.actionbarsherlock.widget.SearchView)
com.actionbarsherlock.widget.SearchView$11: void onItemSelected(android.widget.AdapterView,android.view.View,int,long)
com.actionbarsherlock.widget.SearchView$11: void onNothingSelected(android.widget.AdapterView)
com.actionbarsherlock.widget.SearchView$12
com.actionbarsherlock.widget.SearchView$12: com.actionbarsherlock.widget.SearchView this$0
com.actionbarsherlock.widget.SearchView$12: SearchView$12(com.actionbarsherlock.widget.SearchView)
com.actionbarsherlock.widget.SearchView$12: void beforeTextChanged(java.lang.CharSequence,int,int,int)
com.actionbarsherlock.widget.SearchView$12: void onTextChanged(java.lang.CharSequence,int,int,int)
com.actionbarsherlock.widget.SearchView$12: void afterTextChanged(android.text.Editable)
com.actionbarsherlock.widget.SearchView$2
com.actionbarsherlock.widget.SearchView$2: com.actionbarsherlock.widget.SearchView this$0
com.actionbarsherlock.widget.SearchView$2: SearchView$2(com.actionbarsherlock.widget.SearchView)
com.actionbarsherlock.widget.SearchView$2: void run()
com.actionbarsherlock.widget.SearchView$3
com.actionbarsherlock.widget.SearchView$3: com.actionbarsherlock.widget.SearchView this$0
com.actionbarsherlock.widget.SearchView$3: SearchView$3(com.actionbarsherlock.widget.SearchView)
com.actionbarsherlock.widget.SearchView$3: void run()
com.actionbarsherlock.widget.SearchView$4
com.actionbarsherlock.widget.SearchView$4: com.actionbarsherlock.widget.SearchView this$0
com.actionbarsherlock.widget.SearchView$4: SearchView$4(com.actionbarsherlock.widget.SearchView)
com.actionbarsherlock.widget.SearchView$4: void onFocusChange(android.view.View,boolean)
com.actionbarsherlock.widget.SearchView$5
com.actionbarsherlock.widget.SearchView$5: com.actionbarsherlock.widget.SearchView this$0
com.actionbarsherlock.widget.SearchView$5: SearchView$5(com.actionbarsherlock.widget.SearchView)
com.actionbarsherlock.widget.SearchView$5: void onLayoutChange(android.view.View,int,int,int,int,int,int,int,int)
com.actionbarsherlock.widget.SearchView$6
com.actionbarsherlock.widget.SearchView$6: com.actionbarsherlock.widget.SearchView this$0
com.actionbarsherlock.widget.SearchView$6: SearchView$6(com.actionbarsherlock.widget.SearchView)
com.actionbarsherlock.widget.SearchView$6: void onGlobalLayout()
com.actionbarsherlock.widget.SearchView$7
com.actionbarsherlock.widget.SearchView$7: com.actionbarsherlock.widget.SearchView this$0
com.actionbarsherlock.widget.SearchView$7: SearchView$7(com.actionbarsherlock.widget.SearchView)
com.actionbarsherlock.widget.SearchView$7: void onClick(android.view.View)
com.actionbarsherlock.widget.SearchView$8
com.actionbarsherlock.widget.SearchView$8: com.actionbarsherlock.widget.SearchView this$0
com.actionbarsherlock.widget.SearchView$8: SearchView$8(com.actionbarsherlock.widget.SearchView)
com.actionbarsherlock.widget.SearchView$8: boolean onKey(android.view.View,int,android.view.KeyEvent)
com.actionbarsherlock.widget.SearchView$9
com.actionbarsherlock.widget.SearchView$9: com.actionbarsherlock.widget.SearchView this$0
com.actionbarsherlock.widget.SearchView$9: SearchView$9(com.actionbarsherlock.widget.SearchView)
com.actionbarsherlock.widget.SearchView$9: boolean onEditorAction(android.widget.TextView,int,android.view.KeyEvent)
com.actionbarsherlock.widget.SearchView$OnCloseListener
com.actionbarsherlock.widget.SearchView$OnCloseListener: boolean onClose()