FreeClient/Seeapenny/proguard_logs/mapping.txt
com.seeapenny.client.AlarmManagerBroadcastReceiver -> com.seeapenny.client.AlarmManagerBroadcastReceiver:
    com.seeapenny.client.service.ShopListService shopListService -> a
    void onReceive(android.content.Context,android.content.Intent) -> onReceive
    void setOnetimeTimer(android.content.Context,long,long) -> a
com.seeapenny.client.AppState -> com.seeapenny.client.a:
    void resetFlags() -> a
    com.seeapenny.client.server.requests.LoginRequest getLoginRequest() -> b
com.seeapenny.client.BitmapLruCache -> com.seeapenny.client.b:
    boolean evictAll -> a
    void setEvictAll(boolean) -> a
    int sizeOf(java.lang.Object,java.lang.Object) -> b
    void entryRemoved(boolean,java.lang.Object,java.lang.Object,java.lang.Object) -> a
com.seeapenny.client.CacheManager -> com.seeapenny.client.c:
    java.io.File cachedImagesRoot -> a
    long totalImagesCacheSize -> b
    com.seeapenny.client.http.ImageDownloader imageDownloader -> c
    com.seeapenny.client.BitmapLruCache lruCache -> d
    java.util.Map requestedMap -> e
    java.util.Map requestedPositionMap -> f
    void init() -> a
    java.io.File createCacheDir$3b83896e() -> c
    void clear() -> b
    void setBitmapTo(java.lang.String,android.view.View) -> a
    java.lang.Integer taggedPosition(android.view.View) -> a
    void downloaded(java.lang.String,com.seeapenny.client.CachedBitmapDrawable) -> a
    byte[] loadFromFileSystem(java.lang.String) -> a
    byte[] load(java.io.File) -> a
    java.io.File imageIdToFile(java.lang.String) -> b
    void save(java.lang.String,byte[]) -> a
com.seeapenny.client.CachedBitmapDrawable -> com.seeapenny.client.d:
    byte[] data -> a
    android.graphics.BitmapFactory$Options decodeOpts -> b
    android.content.res.Resources res -> c
    android.graphics.drawable.BitmapDrawable drawable -> d
    android.graphics.Rect lastKnownBounds -> e
    void initDrawable() -> d
    boolean isValid() -> a
    int sizeOf() -> b
    void draw(android.graphics.Canvas) -> draw
    void recycle() -> c
    int getOpacity() -> getOpacity
    void setAlpha(int) -> setAlpha
    void setColorFilter(android.graphics.ColorFilter) -> setColorFilter
    void setBounds(int,int,int,int) -> setBounds
    void setBounds(android.graphics.Rect) -> setBounds
    int getIntrinsicWidth() -> getIntrinsicWidth
    int getIntrinsicHeight() -> getIntrinsicHeight
    com.seeapenny.client.CachedBitmapDrawable create(android.content.res.Resources,byte[],long) -> a
com.seeapenny.client.GCMIntentService -> com.seeapenny.client.GCMIntentService:
    void onRegistered(android.content.Context,java.lang.String) -> a
    void onMessage(android.content.Context,android.content.Intent) -> a
    void onResponse(com.seeapenny.client.http.HttpCommand,com.seeapenny.client.server.Response) -> a
    void onError$2bbc3706(int,java.lang.String) -> a
    void beforeSend(com.seeapenny.client.http.HttpCommand) -> a
    void afterReceive(com.seeapenny.client.http.HttpCommand) -> b
com.seeapenny.client.NotificationBitmapCommand -> com.seeapenny.client.e:
    android.content.Context context -> a
    int notificationId -> b
    java.lang.String title -> c
    java.lang.String message -> d
    android.app.PendingIntent pendingIntent -> e
    int smallIconId -> f
    void downloadComplete(byte[]) -> a
com.seeapenny.client.OrderInfo -> com.seeapenny.client.f:
    java.lang.String orderId -> a
    java.lang.String productId -> b
    java.lang.String userId -> c
    java.lang.String getOrderId() -> a
    java.lang.String getProductId() -> b
    java.lang.String getUserId() -> c
    org.json.JSONObject toJson() -> d
com.seeapenny.client.PhotoCapturer -> com.seeapenny.client.g:
    java.lang.String albumName -> a
    boolean addToGallery -> b
    android.net.Uri photoUri -> c
    void start(android.app.Activity,int,java.lang.String) -> a
    android.net.Uri handlePhoto(android.app.Activity) -> a
...
android.support.v4.widget.DrawerLayout$SavedState$1 -> android.support.v4.widget.k:
    java.lang.Object[] newArray(int) -> newArray
    java.lang.Object createFromParcel(android.os.Parcel) -> createFromParcel
android.support.v4.widget.DrawerLayout$ViewDragCallback -> android.support.v4.widget.l:
    int mGravity -> a
    android.support.v4.widget.ViewDragHelper mDragger -> b
    java.lang.Runnable mPeekRunnable -> c
    android.support.v4.widget.DrawerLayout this$0 -> d
    void setDragger(android.support.v4.widget.ViewDragHelper) -> a
    void removeCallbacks() -> a
    boolean tryCaptureView$5359dc96(android.view.View) -> a
    void onViewDragStateChanged(int) -> a
    void onViewPositionChanged$5b6f797d(android.view.View,int) -> a
    void onViewCaptured$5359dc9a(android.view.View) -> b
    void closeOtherDrawer() -> c
    void onViewReleased$17e2ac03(android.view.View,float) -> a
    void onEdgeTouched$255f295() -> b
    void onEdgeDragStarted(int,int) -> a
    int getViewHorizontalDragRange(android.view.View) -> c
    int clampViewPositionHorizontal$17e143b0(android.view.View,int) -> b
    int clampViewPositionVertical$17e143b0(android.view.View) -> d
    void access$000(android.support.v4.widget.DrawerLayout$ViewDragCallback) -> a
android.support.v4.widget.DrawerLayout$ViewDragCallback$1 -> android.support.v4.widget.m:
    android.support.v4.widget.DrawerLayout$ViewDragCallback this$1 -> a
    void run() -> run
android.support.v4.widget.ResourceCursorAdapter -> android.support.v4.widget.n:
    int mLayout -> mLayout
    int mDropDownLayout -> mDropDownLayout
    android.view.LayoutInflater mInflater -> mInflater
    android.view.View newView(android.content.Context,android.database.Cursor,android.view.ViewGroup) -> newView
    android.view.View newDropDownView(android.content.Context,android.database.Cursor,android.view.ViewGroup) -> newDropDownView
    void setViewResource(int) -> setViewResource
    void setDropDownViewResource(int) -> setDropDownViewResource
android.support.v4.widget.ScrollerCompat -> android.support.v4.widget.o:
    java.lang.Object mScroller -> a
    android.support.v4.widget.ScrollerCompat$ScrollerCompatImpl IMPL -> b
    android.support.v4.widget.ScrollerCompat create(android.content.Context,android.view.animation.Interpolator) -> a
    boolean isFinished() -> a
    int getCurrX() -> b
    int getCurrY() -> c
    int getFinalX() -> d
    int getFinalY() -> e
    boolean computeScrollOffset() -> f
    void startScroll(int,int,int,int,int) -> a
    void abortAnimation() -> g
android.support.v4.widget.ScrollerCompat$ScrollerCompatImpl -> android.support.v4.widget.p:
    java.lang.Object createScroller(android.content.Context,android.view.animation.Interpolator) -> a
    boolean isFinished(java.lang.Object) -> a
    int getCurrX(java.lang.Object) -> b
    int getCurrY(java.lang.Object) -> c
    boolean computeScrollOffset(java.lang.Object) -> d
    void startScroll(java.lang.Object,int,int,int,int,int) -> a
    void abortAnimation(java.lang.Object) -> e
    int getFinalX(java.lang.Object) -> f
    int getFinalY(java.lang.Object) -> g
android.support.v4.widget.ScrollerCompat$ScrollerCompatImplGingerbread -> android.support.v4.widget.q:
    java.lang.Object createScroller(android.content.Context,android.view.animation.Interpolator) -> a
    boolean isFinished(java.lang.Object) -> a
    int getCurrX(java.lang.Object) -> b
    int getCurrY(java.lang.Object) -> c
    boolean computeScrollOffset(java.lang.Object) -> d
    void startScroll(java.lang.Object,int,int,int,int,int) -> a
    void abortAnimation(java.lang.Object) -> e
    int getFinalX(java.lang.Object) -> f
    int getFinalY(java.lang.Object) -> g
android.support.v4.widget.ScrollerCompat$ScrollerCompatImplIcs -> android.support.v4.widget.r: