FreeClient/Seeapenny/proguard_logs/usage.txt
com.seeapenny.client.AlarmManagerBroadcastReceiver:
    public static final java.lang.String ID
com.seeapenny.client.AppState:
    private com.seeapenny.client.server.User contact
    private com.seeapenny.client.server.Image contactPhoto
    private boolean captchaSubmitted
    private int lookAtMeTopRating
    44:45:public void setContact(com.seeapenny.client.server.User)
    48:48:public com.seeapenny.client.server.User getContact()
    52:53:public void setContactPhoto(com.seeapenny.client.server.Image)
    56:56:public com.seeapenny.client.server.Image getContactPhoto()
    60:61:public void setLoginRequest(com.seeapenny.client.server.requests.LoginRequest)
    68:69:public void setCaptchaSubmitted(boolean)
    72:72:public boolean isCaptchaSubmitted()
    76:77:public void setLookAtMeTopRating(int)
    80:80:public int getLookAtMeTopRating()
    84:85:public void setRefreshFavourites(boolean)
    88:88:public boolean isRefreshFavourites()
    92:93:public void setRefreshNotifications(boolean)
    96:96:public boolean isRefreshNotifications()
    100:101:public void setRefreshLookAtMe(boolean)
    104:104:public boolean isRefreshLookAtMe()
    108:109:public void setRefreshFlirts(boolean)
    112:112:public boolean isRefreshFlirts()
    116:117:public void setRefreshChats(boolean)
    120:120:public boolean isRefreshChats()
    124:125:public void setRefreshChat(boolean)
    128:128:public boolean isRefreshChat()
    132:133:public void setUnreadMessagesNotified(boolean)
    136:136:public boolean isUnreadMessagesNotified()
com.seeapenny.client.BuildConfig
com.seeapenny.client.CacheManager:
    47:47:public com.seeapenny.client.CachedBitmapDrawable getDrawable(java.lang.String)
    106:109:public void removeEntry(java.lang.String)
com.seeapenny.client.CachedBitmapDrawable:
    138:141:public void setDrawableCallback(android.graphics.drawable.Drawable$Callback)
    169:188:public static com.seeapenny.client.CachedBitmapDrawable create(android.content.Context,android.net.Uri,int)
    192:201:private static byte[] load(java.io.InputStream)
    205:209:private static int getPowerOfTwoForSampleRatio(double)
com.seeapenny.client.ConnectionDialog
com.seeapenny.client.FileUtils:
    10:10:public FileUtils()
    13:17:public static java.io.File createDir(java.io.File,java.lang.String)
com.seeapenny.client.General:
    29:29:public General()
com.seeapenny.client.LocationRequest
com.seeapenny.client.OrderInfo:
    private static final java.lang.String ORDER_ID
    private static final java.lang.String PRODUCT_ID
    private static final java.lang.String USER_ID
    47:53:public static com.seeapenny.client.OrderInfo fromJson(java.lang.String)
com.seeapenny.client.PhotoCapturer:
    53:60:public android.graphics.Bitmap handleIcon(android.content.Intent)
    77:77:public android.net.Uri getPhotoUri()
    81:82:public void setPhotoUri(android.net.Uri)
com.seeapenny.client.PhotoChooser:
    public static final int PHOTO_CAPTURE_REQUEST_CODE
    public static final int PICK_PHOTO_REQUEST_CODE
    190:193:public android.net.Uri getPhotoUri()
    197:203:public void setPhotoUri(android.net.Uri)
com.seeapenny.client.PreferenceAttributes
com.seeapenny.client.PurchasedLogic:
    70:70:public static void checkPurchasedOrders()
com.seeapenny.client.R:
    10:10:public R()
com.seeapenny.client.R$anim
com.seeapenny.client.R$array
com.seeapenny.client.R$attr
com.seeapenny.client.R$bool
com.seeapenny.client.R$color
com.seeapenny.client.R$dimen
com.seeapenny.client.R$drawable
com.seeapenny.client.R$id
com.seeapenny.client.R$integer
com.seeapenny.client.R$layout
com.seeapenny.client.R$menu
com.seeapenny.client.R$plurals
com.seeapenny.client.R$raw
com.seeapenny.client.R$string
com.seeapenny.client.R$style
...
android.support.v4.widget.ScrollerCompat$ScrollerCompatImpl:
    public abstract float getCurrVelocity(java.lang.Object)
    public abstract void startScroll(java.lang.Object,int,int,int,int)
    public abstract void fling(java.lang.Object,int,int,int,int,int,int,int,int)
    public abstract void fling(java.lang.Object,int,int,int,int,int,int,int,int,int,int)
    public abstract void notifyHorizontalEdgeReached(java.lang.Object,int,int,int)
    public abstract void notifyVerticalEdgeReached(java.lang.Object,int,int,int)
    public abstract boolean isOverScrolled(java.lang.Object)
android.support.v4.widget.ScrollerCompat$ScrollerCompatImplBase:
    79:79:public float getCurrVelocity(java.lang.Object)
    89:90:public void startScroll(java.lang.Object,int,int,int,int)
    101:102:public void fling(java.lang.Object,int,int,int,int,int,int,int,int)
    107:108:public void fling(java.lang.Object,int,int,int,int,int,int,int,int,int,int)
    119:119:public void notifyHorizontalEdgeReached(java.lang.Object,int,int,int)
    124:124:public void notifyVerticalEdgeReached(java.lang.Object,int,int,int)
    129:129:public boolean isOverScrolled(java.lang.Object)
android.support.v4.widget.ScrollerCompat$ScrollerCompatImplGingerbread:
    166:166:public float getCurrVelocity(java.lang.Object)
    176:177:public void startScroll(java.lang.Object,int,int,int,int)
    188:190:public void fling(java.lang.Object,int,int,int,int,int,int,int,int)
    195:197:public void fling(java.lang.Object,int,int,int,int,int,int,int,int,int,int)
    207:208:public void notifyHorizontalEdgeReached(java.lang.Object,int,int,int)
    212:213:public void notifyVerticalEdgeReached(java.lang.Object,int,int,int)
    217:217:public boolean isOverScrolled(java.lang.Object)
android.support.v4.widget.ScrollerCompat$ScrollerCompatImplIcs:
    234:234:public float getCurrVelocity(java.lang.Object)
android.support.v4.widget.ScrollerCompatGingerbread:
    24:24:ScrollerCompatGingerbread()
    47:48:public static void startScroll(java.lang.Object,int,int,int,int)
    57:58:public static void fling(java.lang.Object,int,int,int,int,int,int,int,int)
    62:64:public static void fling(java.lang.Object,int,int,int,int,int,int,int,int,int,int)
    72:73:public static void notifyHorizontalEdgeReached(java.lang.Object,int,int,int)
    76:77:public static void notifyVerticalEdgeReached(java.lang.Object,int,int,int)
    80:80:public static boolean isOverScrolled(java.lang.Object)
android.support.v4.widget.ScrollerCompatIcs
android.support.v4.widget.SearchViewCompat
android.support.v4.widget.SearchViewCompat$OnCloseListenerCompat
android.support.v4.widget.SearchViewCompat$OnQueryTextListenerCompat
android.support.v4.widget.SearchViewCompat$SearchViewCompatHoneycombImpl
android.support.v4.widget.SearchViewCompat$SearchViewCompatHoneycombImpl$1
android.support.v4.widget.SearchViewCompat$SearchViewCompatHoneycombImpl$2
android.support.v4.widget.SearchViewCompat$SearchViewCompatIcsImpl
android.support.v4.widget.SearchViewCompat$SearchViewCompatImpl
android.support.v4.widget.SearchViewCompat$SearchViewCompatStubImpl
android.support.v4.widget.SearchViewCompatHoneycomb
android.support.v4.widget.SearchViewCompatHoneycomb$1
android.support.v4.widget.SearchViewCompatHoneycomb$2
android.support.v4.widget.SearchViewCompatHoneycomb$OnCloseListenerCompatBridge
android.support.v4.widget.SearchViewCompatHoneycomb$OnQueryTextListenerCompatBridge
android.support.v4.widget.SearchViewCompatIcs
android.support.v4.widget.SearchViewCompatIcs$MySearchView
android.support.v4.widget.SimpleCursorAdapter
android.support.v4.widget.SimpleCursorAdapter$CursorToStringConverter
android.support.v4.widget.SimpleCursorAdapter$ViewBinder
android.support.v4.widget.SlidingPaneLayout
android.support.v4.widget.SlidingPaneLayout$1
android.support.v4.widget.SlidingPaneLayout$AccessibilityDelegate
android.support.v4.widget.SlidingPaneLayout$DisableLayerRunnable
android.support.v4.widget.SlidingPaneLayout$DragHelperCallback